<?xml version="1.0" encoding="UTF-8"?>
<testsuite name="MathUtilsTest" tests="100" skipped="0" failures="0" errors="0" timestamp="2025-03-05T11:21:49" hostname="lenovo" time="0.274">
  <properties/>
  <testcase name="[1] 0.6521276185146758" classname="MathUtilsTest" time="0.051"/>
  <testcase name="[2] 0.3420163363148352" classname="MathUtilsTest" time="0.003"/>
  <testcase name="[3] 0.27248973407207133" classname="MathUtilsTest" time="0.002"/>
  <testcase name="[4] 0.19147059667823552" classname="MathUtilsTest" time="0.001"/>
  <testcase name="[5] -0.25369843058933517" classname="MathUtilsTest" time="0.002"/>
  <testcase name="[6] -0.5055421711795609" classname="MathUtilsTest" time="0.002"/>
  <testcase name="[7] -0.8422927532010449" classname="MathUtilsTest" time="0.001"/>
  <testcase name="[8] 0.13285707860279805" classname="MathUtilsTest" time="0.001"/>
  <testcase name="[9] -1.0331496550325527" classname="MathUtilsTest" time="0.003"/>
  <testcase name="[10] -1.0177585026007014" classname="MathUtilsTest" time="0.001"/>
  <testcase name="[11] -0.4232105639573043" classname="MathUtilsTest" time="0.001"/>
  <testcase name="[12] 0.7172728285063918" classname="MathUtilsTest" time="0.001"/>
  <testcase name="[13] 0.32622453759574976" classname="MathUtilsTest" time="0.001"/>
  <testcase name="[14] -0.09112854007285831" classname="MathUtilsTest" time="0.002"/>
  <testcase name="[15] -0.3806512761017574" classname="MathUtilsTest" time="0.002"/>
  <testcase name="[16] -0.43258606168326175" classname="MathUtilsTest" time="0.002"/>
  <testcase name="[17] -0.02354844290381286" classname="MathUtilsTest" time="0.001"/>
  <testcase name="[18] -0.205936890848901" classname="MathUtilsTest" time="0.001"/>
  <testcase name="[19] 0.8129059199330124" classname="MathUtilsTest" time="0.001"/>
  <testcase name="[20] -1.0179027381380734" classname="MathUtilsTest" time="0.001"/>
  <testcase name="[21] 1.0226502760094554" classname="MathUtilsTest" time="0.001"/>
  <testcase name="[22] 0.3029915957640732" classname="MathUtilsTest" time="0.001"/>
  <testcase name="[23] -0.41762784968860434" classname="MathUtilsTest" time="0.001"/>
  <testcase name="[24] -0.6314015196229288" classname="MathUtilsTest" time="0.001"/>
  <testcase name="[25] -1.084161345836523" classname="MathUtilsTest" time="0.001"/>
  <testcase name="[26] 0.7910375165283963" classname="MathUtilsTest" time="0.001"/>
  <testcase name="[27] -0.5899020543594976" classname="MathUtilsTest" time="0.0"/>
  <testcase name="[28] -0.9148260623611278" classname="MathUtilsTest" time="0.001"/>
  <testcase name="[29] -0.013131023217228588" classname="MathUtilsTest" time="0.001"/>
  <testcase name="[30] 0.5535504602023928" classname="MathUtilsTest" time="0.001"/>
  <testcase name="[31] 0.8679911802482276" classname="MathUtilsTest" time="0.001"/>
  <testcase name="[32] 0.9484242487845336" classname="MathUtilsTest" time="0.001"/>
  <testcase name="[33] -0.6176514023747639" classname="MathUtilsTest" time="0.001"/>
  <testcase name="[34] -1.0323886642121023" classname="MathUtilsTest" time="0.0"/>
  <testcase name="[35] -0.7733942300744195" classname="MathUtilsTest" time="0.001"/>
  <testcase name="[36] -0.03300832551820543" classname="MathUtilsTest" time="0.001"/>
  <testcase name="[37] -0.8188215281681562" classname="MathUtilsTest" time="0.001"/>
  <testcase name="[38] 0.7789855942193713" classname="MathUtilsTest" time="0.001"/>
  <testcase name="[39] -1.001749826951771" classname="MathUtilsTest" time="0.0"/>
  <testcase name="[40] 0.23867102303881738" classname="MathUtilsTest" time="0.0"/>
  <testcase name="[41] -0.9931364446957566" classname="MathUtilsTest" time="0.001"/>
  <testcase name="[42] 0.222420802057256" classname="MathUtilsTest" time="0.0"/>
  <testcase name="[43] 0.942064505601846" classname="MathUtilsTest" time="0.001"/>
  <testcase name="[44] -0.2076522082763057" classname="MathUtilsTest" time="0.001"/>
  <testcase name="[45] 1.0060242393237826" classname="MathUtilsTest" time="0.001"/>
  <testcase name="[46] -0.3328480723155385" classname="MathUtilsTest" time="0.0"/>
  <testcase name="[47] -0.8513386563655623" classname="MathUtilsTest" time="0.001"/>
  <testcase name="[48] -0.3307345832707471" classname="MathUtilsTest" time="0.001"/>
  <testcase name="[49] 0.8375607421935807" classname="MathUtilsTest" time="0.001"/>
  <testcase name="[50] -0.7480600075057819" classname="MathUtilsTest" time="0.001"/>
  <testcase name="[51] -0.36967365896735715" classname="MathUtilsTest" time="0.0"/>
  <testcase name="[52] -0.08004245789920827" classname="MathUtilsTest" time="0.0"/>
  <testcase name="[53] 0.9096951542669798" classname="MathUtilsTest" time="0.0"/>
  <testcase name="[54] 0.31517960256448907" classname="MathUtilsTest" time="0.001"/>
  <testcase name="[55] -1.0300784444995519" classname="MathUtilsTest" time="0.001"/>
  <testcase name="[56] -0.9562319413386224" classname="MathUtilsTest" time="0.001"/>
  <testcase name="[57] -0.0863593714432489" classname="MathUtilsTest" time="0.001"/>
  <testcase name="[58] -0.864427919667529" classname="MathUtilsTest" time="0.0"/>
  <testcase name="[59] -0.5724669528893522" classname="MathUtilsTest" time="0.0"/>
  <testcase name="[60] -0.8827822032119362" classname="MathUtilsTest" time="0.001"/>
  <testcase name="[61] 0.5329196005550139" classname="MathUtilsTest" time="0.001"/>
  <testcase name="[62] -1.0224278504897875" classname="MathUtilsTest" time="0.0"/>
  <testcase name="[63] -0.7314471734992447" classname="MathUtilsTest" time="0.0"/>
  <testcase name="[64] 0.24556172285703393" classname="MathUtilsTest" time="0.0"/>
  <testcase name="[65] 0.6563765467974763" classname="MathUtilsTest" time="0.001"/>
  <testcase name="[66] 0.08327716044122213" classname="MathUtilsTest" time="0.001"/>
  <testcase name="[67] 0.9602846327377303" classname="MathUtilsTest" time="0.0"/>
  <testcase name="[68] 0.028717828802205414" classname="MathUtilsTest" time="0.001"/>
  <testcase name="[69] 0.49070493086111266" classname="MathUtilsTest" time="0.0"/>
  <testcase name="[70] 0.8686375626812015" classname="MathUtilsTest" time="0.0"/>
  <testcase name="[71] 0.6863093146080796" classname="MathUtilsTest" time="0.001"/>
  <testcase name="[72] -0.34166646377580423" classname="MathUtilsTest" time="0.0"/>
  <testcase name="[73] 0.2548300480699759" classname="MathUtilsTest" time="0.0"/>
  <testcase name="[74] -0.4331695097358078" classname="MathUtilsTest" time="0.001"/>
  <testcase name="[75] -0.8512534569328305" classname="MathUtilsTest" time="0.0"/>
  <testcase name="[76] -0.14290814794518103" classname="MathUtilsTest" time="0.001"/>
  <testcase name="[77] 0.6437645802779852" classname="MathUtilsTest" time="0.001"/>
  <testcase name="[78] -0.08465320718510538" classname="MathUtilsTest" time="0.0"/>
  <testcase name="[79] 0.06819572264556228" classname="MathUtilsTest" time="0.001"/>
  <testcase name="[80] -0.06555405833156858" classname="MathUtilsTest" time="0.0"/>
  <testcase name="[81] -0.8264245173327804" classname="MathUtilsTest" time="0.001"/>
  <testcase name="[82] 0.40580476872145144" classname="MathUtilsTest" time="0.001"/>
  <testcase name="[83] 0.9495395404413474" classname="MathUtilsTest" time="0.001"/>
  <testcase name="[84] -0.6351938870713256" classname="MathUtilsTest" time="0.001"/>
  <testcase name="[85] 1.0618759020563853" classname="MathUtilsTest" time="0.001"/>
  <testcase name="[86] 0.7067134655251406" classname="MathUtilsTest" time="0.001"/>
  <testcase name="[87] 0.7589398727661969" classname="MathUtilsTest" time="0.001"/>
  <testcase name="[88] 0.6947889717474962" classname="MathUtilsTest" time="0.0"/>
  <testcase name="[89] -0.7402224841018543" classname="MathUtilsTest" time="0.001"/>
  <testcase name="[90] -0.27062968666895315" classname="MathUtilsTest" time="0.001"/>
  <testcase name="[91] 0.5532562522409032" classname="MathUtilsTest" time="0.0"/>
  <testcase name="[92] 1.055475437529004" classname="MathUtilsTest" time="0.0"/>
  <testcase name="[93] -0.368486493315749" classname="MathUtilsTest" time="0.0"/>
  <testcase name="[94] 0.8357880171426151" classname="MathUtilsTest" time="0.001"/>
  <testcase name="[95] 1.0177638159926823" classname="MathUtilsTest" time="0.0"/>
  <testcase name="[96] 0.8937087565101252" classname="MathUtilsTest" time="0.001"/>
  <testcase name="[97] 1.076965594403481" classname="MathUtilsTest" time="0.001"/>
  <testcase name="[98] 0.4850069056553521" classname="MathUtilsTest" time="0.0"/>
  <testcase name="[99] -0.2985522775941123" classname="MathUtilsTest" time="0.0"/>
  <testcase name="[100] 0.9433015889181857" classname="MathUtilsTest" time="0.0"/>
  <system-out><![CDATA[]]></system-out>
  <system-err><![CDATA[]]></system-err>
</testsuite>
