<?xml version="1.0" encoding="UTF-8"?>
<testsuite name="MathUtilsTest" tests="1" skipped="0" failures="0" errors="0" timestamp="2025-03-03T17:03:05" hostname="lenovo" time="0.028">
  <properties/>
  <testcase name="testArccos()" classname="MathUtilsTest" time="0.028"/>
  <system-out><![CDATA[]]></system-out>
  <system-err><![CDATA[]]></system-err>
</testsuite>
