<?xml version="1.0" encoding="UTF-8"?>
<testsuite name="RadixSortTest" tests="9" skipped="0" failures="0" errors="0" timestamp="2025-03-05T11:48:05" hostname="lenovo" time="0.082">
  <properties/>
  <testcase name="testRadixSortWithNegativeValues()" classname="RadixSortTest" time="0.043"/>
  <testcase name="testRadixSortWithPositiveValues()" classname="RadixSortTest" time="0.003"/>
  <testcase name="testRadixSortWithNullValues()" classname="RadixSortTest" time="0.007"/>
  <testcase name="testRadixSortWithNegativeNumbers()" classname="RadixSortTest" time="0.002"/>
  <testcase name="testRadixSortWithAlreadySortedArray()" classname="RadixSortTest" time="0.002"/>
  <testcase name="testRadixSortWithEmptyArray()" classname="RadixSortTest" time="0.001"/>
  <testcase name="testRadixSortWithRandomArray()" classname="RadixSortTest" time="0.004"/>
  <testcase name="testRadixSortWithSingleElement()" classname="RadixSortTest" time="0.002"/>
  <testcase name="testRadixSortWithAllNullValues()" classname="RadixSortTest" time="0.002"/>
  <system-out><![CDATA[]]></system-out>
  <system-err><![CDATA[]]></system-err>
</testsuite>
