<?xml version="1.0" encoding="UTF-8"?>
<testsuite name="EventsFlowTest" tests="1" skipped="0" failures="0" errors="0" timestamp="2025-03-05T09:31:48" hostname="lenovo" time="0.013">
  <properties/>
  <testcase name="testStory()" classname="EventsFlowTest" time="0.013"/>
  <system-out><![CDATA[]]></system-out>
  <system-err><![CDATA[]]></system-err>
</testsuite>
